{"C:\\Users\\charl\\FixioTech\\backend\\app.js": {"path":"C:\\Users\\charl\\FixioTech\\backend\\app.js","statementMap":{"0":{"start":{"line":11,"column":0},"end":{"line":11,"column":16}},"1":{"start":{"line":13,"column":11},"end":{"line":13,"column":21}},"2":{"start":{"line":16,"column":18},"end":{"line":19,"column":2}},"3":{"start":{"line":21,"column":0},"end":{"line":31,"column":2}},"4":{"start":{"line":24,"column":6},"end":{"line":24,"column":41}},"5":{"start":{"line":24,"column":19},"end":{"line":24,"column":41}},"6":{"start":{"line":25,"column":6},"end":{"line":26,"column":30}},"7":{"start":{"line":26,"column":8},"end":{"line":26,"column":30}},"8":{"start":{"line":27,"column":6},"end":{"line":27,"column":50}},"9":{"start":{"line":34,"column":0},"end":{"line":34,"column":24}},"10":{"start":{"line":36,"column":0},"end":{"line":43,"column":3}},"11":{"start":{"line":37,"column":2},"end":{"line":42,"column":3}},"12":{"start":{"line":38,"column":4},"end":{"line":38,"column":21}},"13":{"start":{"line":39,"column":4},"end":{"line":39,"column":31}},"14":{"start":{"line":41,"column":4},"end":{"line":41,"column":36}},"15":{"start":{"line":45,"column":0},"end":{"line":45,"column":48}},"16":{"start":{"line":46,"column":0},"end":{"line":46,"column":40}},"17":{"start":{"line":47,"column":0},"end":{"line":47,"column":45}},"18":{"start":{"line":49,"column":0},"end":{"line":63,"column":3}},"19":{"start":{"line":50,"column":2},"end":{"line":62,"column":3}},"20":{"start":{"line":51,"column":19},"end":{"line":56,"column":6}},"21":{"start":{"line":52,"column":6},"end":{"line":55,"column":9}},"22":{"start":{"line":53,"column":8},"end":{"line":54,"column":24}},"23":{"start":{"line":53,"column":17},"end":{"line":53,"column":29}},"24":{"start":{"line":54,"column":13},"end":{"line":54,"column":24}},"25":{"start":{"line":58,"column":16},"end":{"line":58,"column":34}},"26":{"start":{"line":59,"column":4},"end":{"line":59,"column":57}},"27":{"start":{"line":61,"column":4},"end":{"line":61,"column":62}},"28":{"start":{"line":65,"column":0},"end":{"line":65,"column":22}},"29":{"start":{"line":68,"column":13},"end":{"line":68,"column":37}},"30":{"start":{"line":69,"column":0},"end":{"line":71,"column":3}},"31":{"start":{"line":70,"column":2},"end":{"line":70,"column":48}}},"fnMap":{"0":{"name":"(anonymous_0)","decl":{"start":{"line":23,"column":12},"end":{"line":23,"column":13}},"loc":{"start":{"line":23,"column":28},"end":{"line":28,"column":5}},"line":23},"1":{"name":"(anonymous_1)","decl":{"start":{"line":36,"column":19},"end":{"line":36,"column":24}},"loc":{"start":{"line":36,"column":40},"end":{"line":43,"column":1}},"line":36},"2":{"name":"(anonymous_2)","decl":{"start":{"line":49,"column":20},"end":{"line":49,"column":25}},"loc":{"start":{"line":49,"column":41},"end":{"line":63,"column":1}},"line":49},"3":{"name":"(anonymous_3)","decl":{"start":{"line":51,"column":37},"end":{"line":51,"column":38}},"loc":{"start":{"line":51,"column":58},"end":{"line":56,"column":5}},"line":51},"4":{"name":"(anonymous_4)","decl":{"start":{"line":52,"column":31},"end":{"line":52,"column":32}},"loc":{"start":{"line":52,"column":43},"end":{"line":55,"column":7}},"line":52},"5":{"name":"(anonymous_5)","decl":{"start":{"line":69,"column":17},"end":{"line":69,"column":18}},"loc":{"start":{"line":69,"column":23},"end":{"line":71,"column":1}},"line":69}},"branchMap":{"0":{"loc":{"start":{"line":24,"column":6},"end":{"line":24,"column":41}},"type":"if","locations":[{"start":{"line":24,"column":6},"end":{"line":24,"column":41}},{"start":{},"end":{}}],"line":24},"1":{"loc":{"start":{"line":25,"column":6},"end":{"line":26,"column":30}},"type":"if","locations":[{"start":{"line":25,"column":6},"end":{"line":26,"column":30}},{"start":{},"end":{}}],"line":25},"2":{"loc":{"start":{"line":25,"column":10},"end":{"line":25,"column":67}},"type":"binary-expr","locations":[{"start":{"line":25,"column":10},"end":{"line":25,"column":31}},{"start":{"line":25,"column":35},"end":{"line":25,"column":67}}],"line":25},"3":{"loc":{"start":{"line":53,"column":8},"end":{"line":54,"column":24}},"type":"if","locations":[{"start":{"line":53,"column":8},"end":{"line":54,"column":24}},{"start":{"line":54,"column":13},"end":{"line":54,"column":24}}],"line":53},"4":{"loc":{"start":{"line":68,"column":13},"end":{"line":68,"column":37}},"type":"binary-expr","locations":[{"start":{"line":68,"column":13},"end":{"line":68,"column":29}},{"start":{"line":68,"column":33},"end":{"line":68,"column":37}}],"line":68}},"s":{"0":3,"1":3,"2":3,"3":3,"4":34,"5":34,"6":0,"7":0,"8":0,"9":3,"10":3,"11":1,"12":1,"13":1,"14":0,"15":3,"16":3,"17":3,"18":3,"19":0,"20":0,"21":0,"22":0,"23":0,"24":0,"25":0,"26":0,"27":0,"28":3,"29":3,"30":3,"31":3},"f":{"0":34,"1":1,"2":0,"3":0,"4":0,"5":3},"b":{"0":[34,0],"1":[0,0],"2":[0,0],"3":[0,0],"4":[3,0]},"meta":{"lastBranch":5,"lastFunction":6,"lastStatement":32,"seen":{"s:11:0:11:16":0,"s:13:11:13:21":1,"s:16:18:19:2":2,"s:21:0:31:2":3,"f:23:12:23:13":0,"b:24:6:24:41:undefined:undefined:undefined:undefined":0,"s:24:6:24:41":4,"s:24:19:24:41":5,"b:25:6:26:30:undefined:undefined:undefined:undefined":1,"s:25:6:26:30":6,"b:25:10:25:31:25:35:25:67":2,"s:26:8:26:30":7,"s:27:6:27:50":8,"s:34:0:34:24":9,"s:36:0:43:3":10,"f:36:19:36:24":1,"s:37:2:42:3":11,"s:38:4:38:21":12,"s:39:4:39:31":13,"s:41:4:41:36":14,"s:45:0:45:48":15,"s:46:0:46:40":16,"s:47:0:47:45":17,"s:49:0:63:3":18,"f:49:20:49:25":2,"s:50:2:62:3":19,"s:51:19:56:6":20,"f:51:37:51:38":3,"s:52:6:55:9":21,"f:52:31:52:32":4,"b:53:8:54:24:54:13:54:24":3,"s:53:8:54:24":22,"s:53:17:53:29":23,"s:54:13:54:24":24,"s:58:16:58:34":25,"s:59:4:59:57":26,"s:61:4:61:62":27,"s:65:0:65:22":28,"s:68:13:68:37":29,"b:68:13:68:29:68:33:68:37":4,"s:69:0:71:3":30,"f:69:17:69:18":5,"s:70:2:70:48":31}}}
,"C:\\Users\\charl\\FixioTech\\backend\\config\\databaseConnexion.js": {"path":"C:\\Users\\charl\\FixioTech\\backend\\config\\databaseConnexion.js","statementMap":{"0":{"start":{"line":4,"column":0},"end":{"line":4,"column":null}},"1":{"start":{"line":6,"column":17},"end":{"line":6,"column":null}},"2":{"start":{"line":8,"column":21},"end":{"line":8,"column":null}},"3":{"start":{"line":12,"column":0},"end":{"line":31,"column":null}},"4":{"start":{"line":14,"column":2},"end":{"line":19,"column":null}},"5":{"start":{"line":22,"column":2},"end":{"line":30,"column":null}},"6":{"start":{"line":33,"column":18},"end":{"line":50,"column":null}},"7":{"start":{"line":35,"column":4},"end":{"line":38,"column":null}},"8":{"start":{"line":36,"column":6},"end":{"line":36,"column":null}},"9":{"start":{"line":37,"column":6},"end":{"line":37,"column":null}},"10":{"start":{"line":40,"column":4},"end":{"line":43,"column":null}},"11":{"start":{"line":42,"column":21},"end":{"line":42,"column":40}},"12":{"start":{"line":43,"column":22},"end":{"line":43,"column":35}},"13":{"start":{"line":48,"column":4},"end":{"line":48,"column":null}},"14":{"start":{"line":53,"column":2},"end":{"line":59,"column":null}},"15":{"start":{"line":54,"column":16},"end":{"line":54,"column":null}},"16":{"start":{"line":55,"column":4},"end":{"line":55,"column":null}},"17":{"start":{"line":57,"column":4},"end":{"line":57,"column":null}},"18":{"start":{"line":58,"column":4},"end":{"line":58,"column":null}}},"fnMap":{"0":{"name":"(anonymous_0)","decl":{"start":{"line":34,"column":2},"end":{"line":34,"column":8}},"loc":{"start":{"line":34,"column":32},"end":{"line":44,"column":null}},"line":34},"1":{"name":"(anonymous_1)","decl":{"start":{"line":42,"column":12},"end":{"line":42,"column":13}},"loc":{"start":{"line":42,"column":21},"end":{"line":42,"column":40}},"line":42},"2":{"name":"(anonymous_2)","decl":{"start":{"line":43,"column":13},"end":{"line":43,"column":14}},"loc":{"start":{"line":43,"column":22},"end":{"line":43,"column":35}},"line":43},"3":{"name":"(anonymous_3)","decl":{"start":{"line":47,"column":8},"end":{"line":47,"column":21}},"loc":{"start":{"line":47,"column":40},"end":{"line":49,"column":null}},"line":47},"4":{"name":"assertDb","decl":{"start":{"line":52,"column":22},"end":{"line":52,"column":33}},"loc":{"start":{"line":52,"column":33},"end":{"line":60,"column":null}},"line":52}},"branchMap":{"0":{"loc":{"start":{"line":12,"column":0},"end":{"line":31,"column":null}},"type":"if","locations":[{"start":{"line":12,"column":0},"end":{"line":31,"column":null}},{"start":{"line":20,"column":7},"end":{"line":31,"column":null}}],"line":12},"1":{"loc":{"start":{"line":23,"column":10},"end":{"line":23,"column":null}},"type":"binary-expr","locations":[{"start":{"line":23,"column":10},"end":{"line":23,"column":33}},{"start":{"line":23,"column":33},"end":{"line":23,"column":null}}],"line":23},"2":{"loc":{"start":{"line":24,"column":19},"end":{"line":24,"column":50}},"type":"binary-expr","locations":[{"start":{"line":24,"column":19},"end":{"line":24,"column":42}},{"start":{"line":24,"column":42},"end":{"line":24,"column":50}}],"line":24},"3":{"loc":{"start":{"line":25,"column":10},"end":{"line":25,"column":null}},"type":"binary-expr","locations":[{"start":{"line":25,"column":10},"end":{"line":25,"column":33}},{"start":{"line":25,"column":33},"end":{"line":25,"column":null}}],"line":25},"4":{"loc":{"start":{"line":27,"column":14},"end":{"line":27,"column":null}},"type":"binary-expr","locations":[{"start":{"line":27,"column":14},"end":{"line":27,"column":37}},{"start":{"line":27,"column":37},"end":{"line":27,"column":null}}],"line":27},"5":{"loc":{"start":{"line":28,"column":9},"end":{"line":28,"column":null}},"type":"cond-expr","locations":[{"start":{"line":28,"column":41},"end":{"line":28,"column":73}},{"start":{"line":28,"column":73},"end":{"line":28,"column":null}}],"line":28},"6":{"loc":{"start":{"line":35,"column":4},"end":{"line":38,"column":null}},"type":"if","locations":[{"start":{"line":35,"column":4},"end":{"line":38,"column":null}},{"start":{},"end":{}}],"line":35},"7":{"loc":{"start":{"line":47,"column":27},"end":{"line":47,"column":40}},"type":"default-arg","locations":[{"start":{"line":47,"column":36},"end":{"line":47,"column":40}}],"line":47}},"s":{"0":3,"1":3,"2":3,"3":3,"4":0,"5":3,"6":3,"7":30,"8":0,"9":0,"10":30,"11":28,"12":2,"13":3,"14":1,"15":1,"16":1,"17":0,"18":0},"f":{"0":30,"1":28,"2":2,"3":3,"4":1},"b":{"0":[0,3],"1":[3,0],"2":[3,0],"3":[3,0],"4":[3,0],"5":[0,3],"6":[0,30],"7":[3]},"meta":{"lastBranch":8,"lastFunction":5,"lastStatement":19,"seen":{"s:4:0:4:Infinity":0,"s:6:17:6:Infinity":1,"s:8:21:8:Infinity":2,"b:12:0:31:Infinity:20:7:31:Infinity":0,"s:12:0:31:Infinity":3,"s:14:2:19:Infinity":4,"s:22:2:30:Infinity":5,"b:23:10:23:33:23:33:23:Infinity":1,"b:24:19:24:42:24:42:24:50":2,"b:25:10:25:33:25:33:25:Infinity":3,"b:27:14:27:37:27:37:27:Infinity":4,"b:28:41:28:73:28:73:28:Infinity":5,"s:33:18:50:Infinity":6,"f:34:2:34:8":0,"b:35:4:38:Infinity:undefined:undefined:undefined:undefined":6,"s:35:4:38:Infinity":7,"s:36:6:36:Infinity":8,"s:37:6:37:Infinity":9,"s:40:4:43:Infinity":10,"f:42:12:42:13":1,"s:42:21:42:40":11,"f:43:13:43:14":2,"s:43:22:43:35":12,"f:47:8:47:21":3,"b:47:36:47:40":7,"s:48:4:48:Infinity":13,"f:52:22:52:33":4,"s:53:2:59:Infinity":14,"s:54:16:54:Infinity":15,"s:55:4:55:Infinity":16,"s:57:4:57:Infinity":17,"s:58:4:58:Infinity":18}}}
,"C:\\Users\\charl\\FixioTech\\backend\\controleurs\\controleurHoraire.js": {"path":"C:\\Users\\charl\\FixioTech\\backend\\controleurs\\controleurHoraire.js","statementMap":{"0":{"start":{"line":3,"column":20},"end":{"line":10,"column":1}},"1":{"start":{"line":4,"column":2},"end":{"line":9,"column":5}},"2":{"start":{"line":5,"column":4},"end":{"line":7,"column":5}},"3":{"start":{"line":6,"column":6},"end":{"line":6,"column":23}},"4":{"start":{"line":8,"column":4},"end":{"line":8,"column":27}},"5":{"start":{"line":12,"column":23},"end":{"line":25,"column":1}},"6":{"start":{"line":13,"column":17},"end":{"line":13,"column":27}},"7":{"start":{"line":15,"column":2},"end":{"line":24,"column":5}},"8":{"start":{"line":16,"column":4},"end":{"line":18,"column":5}},"9":{"start":{"line":17,"column":6},"end":{"line":17,"column":23}},"10":{"start":{"line":19,"column":17},"end":{"line":19,"column":29}},"11":{"start":{"line":20,"column":4},"end":{"line":22,"column":5}},"12":{"start":{"line":21,"column":6},"end":{"line":21,"column":69}},"13":{"start":{"line":23,"column":4},"end":{"line":23,"column":22}},"14":{"start":{"line":27,"column":19},"end":{"line":94,"column":1}},"15":{"start":{"line":44,"column":6},"end":{"line":44,"column":14}},"16":{"start":{"line":46,"column":2},"end":{"line":48,"column":3}},"17":{"start":{"line":47,"column":4},"end":{"line":47,"column":71}},"18":{"start":{"line":50,"column":14},"end":{"line":67,"column":3}},"19":{"start":{"line":69,"column":17},"end":{"line":85,"column":3}},"20":{"start":{"line":87,"column":2},"end":{"line":93,"column":5}},"21":{"start":{"line":88,"column":4},"end":{"line":90,"column":5}},"22":{"start":{"line":89,"column":6},"end":{"line":89,"column":23}},"23":{"start":{"line":91,"column":16},"end":{"line":91,"column":31}},"24":{"start":{"line":92,"column":4},"end":{"line":92,"column":30}},"25":{"start":{"line":96,"column":22},"end":{"line":159,"column":1}},"26":{"start":{"line":97,"column":17},"end":{"line":97,"column":27}},"27":{"start":{"line":114,"column":6},"end":{"line":114,"column":14}},"28":{"start":{"line":116,"column":14},"end":{"line":129,"column":3}},"29":{"start":{"line":131,"column":17},"end":{"line":148,"column":3}},"30":{"start":{"line":150,"column":2},"end":{"line":158,"column":5}},"31":{"start":{"line":151,"column":4},"end":{"line":153,"column":5}},"32":{"start":{"line":152,"column":6},"end":{"line":152,"column":23}},"33":{"start":{"line":154,"column":4},"end":{"line":156,"column":5}},"34":{"start":{"line":155,"column":6},"end":{"line":155,"column":69}},"35":{"start":{"line":157,"column":4},"end":{"line":157,"column":42}},"36":{"start":{"line":161,"column":22},"end":{"line":177,"column":1}},"37":{"start":{"line":162,"column":17},"end":{"line":162,"column":27}},"38":{"start":{"line":164,"column":2},"end":{"line":176,"column":4}},"39":{"start":{"line":168,"column":6},"end":{"line":170,"column":7}},"40":{"start":{"line":169,"column":8},"end":{"line":169,"column":25}},"41":{"start":{"line":171,"column":6},"end":{"line":173,"column":7}},"42":{"start":{"line":172,"column":8},"end":{"line":172,"column":71}},"43":{"start":{"line":174,"column":6},"end":{"line":174,"column":72}},"44":{"start":{"line":179,"column":30},"end":{"line":192,"column":1}},"45":{"start":{"line":180,"column":24},"end":{"line":180,"column":34}},"46":{"start":{"line":182,"column":2},"end":{"line":191,"column":4}},"47":{"start":{"line":186,"column":6},"end":{"line":186,"column":32}},"48":{"start":{"line":186,"column":15},"end":{"line":186,"column":32}},"49":{"start":{"line":187,"column":19},"end":{"line":187,"column":31}},"50":{"start":{"line":188,"column":6},"end":{"line":188,"column":63}},"51":{"start":{"line":188,"column":29},"end":{"line":188,"column":63}},"52":{"start":{"line":189,"column":6},"end":{"line":189,"column":24}}},"fnMap":{"0":{"name":"(anonymous_0)","decl":{"start":{"line":3,"column":20},"end":{"line":3,"column":25}},"loc":{"start":{"line":3,"column":46},"end":{"line":10,"column":1}},"line":3},"1":{"name":"(anonymous_1)","decl":{"start":{"line":4,"column":41},"end":{"line":4,"column":42}},"loc":{"start":{"line":4,"column":59},"end":{"line":9,"column":3}},"line":4},"2":{"name":"(anonymous_2)","decl":{"start":{"line":12,"column":23},"end":{"line":12,"column":28}},"loc":{"start":{"line":12,"column":49},"end":{"line":25,"column":1}},"line":12},"3":{"name":"(anonymous_3)","decl":{"start":{"line":15,"column":57},"end":{"line":15,"column":58}},"loc":{"start":{"line":15,"column":75},"end":{"line":24,"column":3}},"line":15},"4":{"name":"(anonymous_4)","decl":{"start":{"line":27,"column":19},"end":{"line":27,"column":24}},"loc":{"start":{"line":27,"column":45},"end":{"line":94,"column":1}},"line":27},"5":{"name":"(anonymous_5)","decl":{"start":{"line":87,"column":24},"end":{"line":87,"column":25}},"loc":{"start":{"line":87,"column":42},"end":{"line":93,"column":3}},"line":87},"6":{"name":"(anonymous_6)","decl":{"start":{"line":96,"column":22},"end":{"line":96,"column":27}},"loc":{"start":{"line":96,"column":48},"end":{"line":159,"column":1}},"line":96},"7":{"name":"(anonymous_7)","decl":{"start":{"line":150,"column":24},"end":{"line":150,"column":25}},"loc":{"start":{"line":150,"column":42},"end":{"line":158,"column":3}},"line":150},"8":{"name":"(anonymous_8)","decl":{"start":{"line":161,"column":22},"end":{"line":161,"column":27}},"loc":{"start":{"line":161,"column":48},"end":{"line":177,"column":1}},"line":161},"9":{"name":"(anonymous_9)","decl":{"start":{"line":167,"column":4},"end":{"line":167,"column":5}},"loc":{"start":{"line":167,"column":22},"end":{"line":175,"column":5}},"line":167},"10":{"name":"(anonymous_10)","decl":{"start":{"line":179,"column":30},"end":{"line":179,"column":35}},"loc":{"start":{"line":179,"column":56},"end":{"line":192,"column":1}},"line":179},"11":{"name":"(anonymous_11)","decl":{"start":{"line":185,"column":4},"end":{"line":185,"column":5}},"loc":{"start":{"line":185,"column":22},"end":{"line":190,"column":5}},"line":185}},"branchMap":{"0":{"loc":{"start":{"line":5,"column":4},"end":{"line":7,"column":5}},"type":"if","locations":[{"start":{"line":5,"column":4},"end":{"line":7,"column":5}},{"start":{},"end":{}}],"line":5},"1":{"loc":{"start":{"line":16,"column":4},"end":{"line":18,"column":5}},"type":"if","locations":[{"start":{"line":16,"column":4},"end":{"line":18,"column":5}},{"start":{},"end":{}}],"line":16},"2":{"loc":{"start":{"line":20,"column":4},"end":{"line":22,"column":5}},"type":"if","locations":[{"start":{"line":20,"column":4},"end":{"line":22,"column":5}},{"start":{},"end":{}}],"line":20},"3":{"loc":{"start":{"line":46,"column":2},"end":{"line":48,"column":3}},"type":"if","locations":[{"start":{"line":46,"column":2},"end":{"line":48,"column":3}},{"start":{},"end":{}}],"line":46},"4":{"loc":{"start":{"line":88,"column":4},"end":{"line":90,"column":5}},"type":"if","locations":[{"start":{"line":88,"column":4},"end":{"line":90,"column":5}},{"start":{},"end":{}}],"line":88},"5":{"loc":{"start":{"line":151,"column":4},"end":{"line":153,"column":5}},"type":"if","locations":[{"start":{"line":151,"column":4},"end":{"line":153,"column":5}},{"start":{},"end":{}}],"line":151},"6":{"loc":{"start":{"line":154,"column":4},"end":{"line":156,"column":5}},"type":"if","locations":[{"start":{"line":154,"column":4},"end":{"line":156,"column":5}},{"start":{},"end":{}}],"line":154},"7":{"loc":{"start":{"line":168,"column":6},"end":{"line":170,"column":7}},"type":"if","locations":[{"start":{"line":168,"column":6},"end":{"line":170,"column":7}},{"start":{},"end":{}}],"line":168},"8":{"loc":{"start":{"line":171,"column":6},"end":{"line":173,"column":7}},"type":"if","locations":[{"start":{"line":171,"column":6},"end":{"line":173,"column":7}},{"start":{},"end":{}}],"line":171},"9":{"loc":{"start":{"line":186,"column":6},"end":{"line":186,"column":32}},"type":"if","locations":[{"start":{"line":186,"column":6},"end":{"line":186,"column":32}},{"start":{},"end":{}}],"line":186},"10":{"loc":{"start":{"line":188,"column":6},"end":{"line":188,"column":63}},"type":"if","locations":[{"start":{"line":188,"column":6},"end":{"line":188,"column":63}},{"start":{},"end":{}}],"line":188}},"s":{"0":3,"1":0,"2":0,"3":0,"4":0,"5":3,"6":0,"7":0,"8":0,"9":0,"10":0,"11":0,"12":0,"13":0,"14":3,"15":0,"16":0,"17":0,"18":0,"19":0,"20":0,"21":0,"22":0,"23":0,"24":0,"25":3,"26":0,"27":0,"28":0,"29":0,"30":0,"31":0,"32":0,"33":0,"34":0,"35":0,"36":3,"37":0,"38":0,"39":0,"40":0,"41":0,"42":0,"43":0,"44":3,"45":0,"46":0,"47":0,"48":0,"49":0,"50":0,"51":0,"52":0},"f":{"0":0,"1":0,"2":0,"3":0,"4":0,"5":0,"6":0,"7":0,"8":0,"9":0,"10":0,"11":0},"b":{"0":[0,0],"1":[0,0],"2":[0,0],"3":[0,0],"4":[0,0],"5":[0,0],"6":[0,0],"7":[0,0],"8":[0,0],"9":[0,0],"10":[0,0]},"meta":{"lastBranch":11,"lastFunction":12,"lastStatement":53,"seen":{"s:3:20:10:1":0,"f:3:20:3:25":0,"s:4:2:9:5":1,"f:4:41:4:42":1,"b:5:4:7:5:undefined:undefined:undefined:undefined":0,"s:5:4:7:5":2,"s:6:6:6:23":3,"s:8:4:8:27":4,"s:12:23:25:1":5,"f:12:23:12:28":2,"s:13:17:13:27":6,"s:15:2:24:5":7,"f:15:57:15:58":3,"b:16:4:18:5:undefined:undefined:undefined:undefined":1,"s:16:4:18:5":8,"s:17:6:17:23":9,"s:19:17:19:29":10,"b:20:4:22:5:undefined:undefined:undefined:undefined":2,"s:20:4:22:5":11,"s:21:6:21:69":12,"s:23:4:23:22":13,"s:27:19:94:1":14,"f:27:19:27:24":4,"s:44:6:44:14":15,"b:46:2:48:3:undefined:undefined:undefined:undefined":3,"s:46:2:48:3":16,"s:47:4:47:71":17,"s:50:14:67:3":18,"s:69:17:85:3":19,"s:87:2:93:5":20,"f:87:24:87:25":5,"b:88:4:90:5:undefined:undefined:undefined:undefined":4,"s:88:4:90:5":21,"s:89:6:89:23":22,"s:91:16:91:31":23,"s:92:4:92:30":24,"s:96:22:159:1":25,"f:96:22:96:27":6,"s:97:17:97:27":26,"s:114:6:114:14":27,"s:116:14:129:3":28,"s:131:17:148:3":29,"s:150:2:158:5":30,"f:150:24:150:25":7,"b:151:4:153:5:undefined:undefined:undefined:undefined":5,"s:151:4:153:5":31,"s:152:6:152:23":32,"b:154:4:156:5:undefined:undefined:undefined:undefined":6,"s:154:4:156:5":33,"s:155:6:155:69":34,"s:157:4:157:42":35,"s:161:22:177:1":36,"f:161:22:161:27":8,"s:162:17:162:27":37,"s:164:2:176:4":38,"f:167:4:167:5":9,"b:168:6:170:7:undefined:undefined:undefined:undefined":7,"s:168:6:170:7":39,"s:169:8:169:25":40,"b:171:6:173:7:undefined:undefined:undefined:undefined":8,"s:171:6:173:7":41,"s:172:8:172:71":42,"s:174:6:174:72":43,"s:179:30:192:1":44,"f:179:30:179:35":10,"s:180:24:180:34":45,"s:182:2:191:4":46,"f:185:4:185:5":11,"b:186:6:186:32:undefined:undefined:undefined:undefined":9,"s:186:6:186:32":47,"s:186:15:186:32":48,"s:187:19:187:31":49,"b:188:6:188:63:undefined:undefined:undefined:undefined":10,"s:188:6:188:63":50,"s:188:29:188:63":51,"s:189:6:189:24":52}}}
,"C:\\Users\\charl\\FixioTech\\backend\\controleurs\\controleurRendezVous.js": {"path":"C:\\Users\\charl\\FixioTech\\backend\\controleurs\\controleurRendezVous.js","statementMap":{"0":{"start":{"line":3,"column":22},"end":{"line":26,"column":1}},"1":{"start":{"line":4,"column":36},"end":{"line":4,"column":45}},"2":{"start":{"line":6,"column":12},"end":{"line":6,"column":39}},"3":{"start":{"line":7,"column":17},"end":{"line":7,"column":19}},"4":{"start":{"line":8,"column":19},"end":{"line":8,"column":20}},"5":{"start":{"line":10,"column":2},"end":{"line":18,"column":3}},"6":{"start":{"line":11,"column":4},"end":{"line":11,"column":47}},"7":{"start":{"line":12,"column":4},"end":{"line":12,"column":27}},"8":{"start":{"line":13,"column":4},"end":{"line":13,"column":17}},"9":{"start":{"line":14,"column":9},"end":{"line":18,"column":3}},"10":{"start":{"line":15,"column":4},"end":{"line":15,"column":48}},"11":{"start":{"line":16,"column":4},"end":{"line":16,"column":28}},"12":{"start":{"line":17,"column":4},"end":{"line":17,"column":17}},"13":{"start":{"line":20,"column":2},"end":{"line":20,"column":49}},"14":{"start":{"line":22,"column":2},"end":{"line":25,"column":5}},"15":{"start":{"line":23,"column":4},"end":{"line":23,"column":30}},"16":{"start":{"line":23,"column":13},"end":{"line":23,"column":30}},"17":{"start":{"line":24,"column":4},"end":{"line":24,"column":27}},"18":{"start":{"line":28,"column":26},"end":{"line":43,"column":1}},"19":{"start":{"line":29,"column":17},"end":{"line":29,"column":27}},"20":{"start":{"line":31,"column":2},"end":{"line":42,"column":4}},"21":{"start":{"line":35,"column":6},"end":{"line":35,"column":32}},"22":{"start":{"line":35,"column":15},"end":{"line":35,"column":32}},"23":{"start":{"line":36,"column":19},"end":{"line":36,"column":31}},"24":{"start":{"line":37,"column":6},"end":{"line":39,"column":7}},"25":{"start":{"line":38,"column":8},"end":{"line":38,"column":75}},"26":{"start":{"line":40,"column":6},"end":{"line":40,"column":24}},"27":{"start":{"line":46,"column":12},"end":{"line":46,"column":52}},"28":{"start":{"line":47,"column":15},"end":{"line":55,"column":3}},"29":{"start":{"line":56,"column":15},"end":{"line":56,"column":22}},"30":{"start":{"line":57,"column":2},"end":{"line":57,"column":62}},"31":{"start":{"line":61,"column":2},"end":{"line":61,"column":78}},"32":{"start":{"line":64,"column":22},"end":{"line":139,"column":1}},"33":{"start":{"line":65,"column":57},"end":{"line":65,"column":65}},"34":{"start":{"line":66,"column":31},"end":{"line":66,"column":73}},"35":{"start":{"line":68,"column":2},"end":{"line":72,"column":3}},"36":{"start":{"line":69,"column":4},"end":{"line":71,"column":7}},"37":{"start":{"line":75,"column":16},"end":{"line":75,"column":26}},"38":{"start":{"line":76,"column":2},"end":{"line":76,"column":29}},"39":{"start":{"line":77,"column":18},"end":{"line":77,"column":50}},"40":{"start":{"line":78,"column":2},"end":{"line":82,"column":3}},"41":{"start":{"line":79,"column":4},"end":{"line":81,"column":7}},"42":{"start":{"line":84,"column":31},"end":{"line":84,"column":53}},"43":{"start":{"line":86,"column":18},"end":{"line":98,"column":3}},"44":{"start":{"line":99,"column":17},"end":{"line":99,"column":60}},"45":{"start":{"line":101,"column":14},"end":{"line":103,"column":53}},"46":{"start":{"line":105,"column":22},"end":{"line":105,"column":67}},"47":{"start":{"line":107,"column":2},"end":{"line":138,"column":5}},"48":{"start":{"line":108,"column":4},"end":{"line":108,"column":30}},"49":{"start":{"line":108,"column":13},"end":{"line":108,"column":30}},"50":{"start":{"line":110,"column":17},"end":{"line":110,"column":29}},"51":{"start":{"line":112,"column":4},"end":{"line":116,"column":5}},"52":{"start":{"line":113,"column":6},"end":{"line":115,"column":72}},"53":{"start":{"line":118,"column":28},"end":{"line":118,"column":52}},"54":{"start":{"line":120,"column":22},"end":{"line":125,"column":5}},"55":{"start":{"line":126,"column":25},"end":{"line":132,"column":5}},"56":{"start":{"line":134,"column":4},"end":{"line":137,"column":7}},"57":{"start":{"line":135,"column":6},"end":{"line":135,"column":34}},"58":{"start":{"line":135,"column":16},"end":{"line":135,"column":34}},"59":{"start":{"line":136,"column":6},"end":{"line":136,"column":45}},"60":{"start":{"line":141,"column":25},"end":{"line":203,"column":1}},"61":{"start":{"line":142,"column":17},"end":{"line":142,"column":27}},"62":{"start":{"line":151,"column":6},"end":{"line":151,"column":14}},"63":{"start":{"line":153,"column":23},"end":{"line":153,"column":25}},"64":{"start":{"line":154,"column":23},"end":{"line":154,"column":25}},"65":{"start":{"line":156,"column":2},"end":{"line":159,"column":3}},"66":{"start":{"line":157,"column":4},"end":{"line":157,"column":65}},"67":{"start":{"line":158,"column":4},"end":{"line":158,"column":33}},"68":{"start":{"line":160,"column":2},"end":{"line":163,"column":3}},"69":{"start":{"line":161,"column":4},"end":{"line":161,"column":66}},"70":{"start":{"line":162,"column":4},"end":{"line":162,"column":34}},"71":{"start":{"line":164,"column":2},"end":{"line":167,"column":3}},"72":{"start":{"line":165,"column":4},"end":{"line":165,"column":64}},"73":{"start":{"line":166,"column":4},"end":{"line":166,"column":32}},"74":{"start":{"line":168,"column":2},"end":{"line":171,"column":3}},"75":{"start":{"line":169,"column":4},"end":{"line":169,"column":65}},"76":{"start":{"line":170,"column":4},"end":{"line":170,"column":33}},"77":{"start":{"line":172,"column":2},"end":{"line":175,"column":3}},"78":{"start":{"line":173,"column":4},"end":{"line":173,"column":62}},"79":{"start":{"line":174,"column":4},"end":{"line":174,"column":30}},"80":{"start":{"line":176,"column":2},"end":{"line":179,"column":3}},"81":{"start":{"line":177,"column":4},"end":{"line":177,"column":76}},"82":{"start":{"line":178,"column":4},"end":{"line":178,"column":57}},"83":{"start":{"line":181,"column":2},"end":{"line":183,"column":3}},"84":{"start":{"line":182,"column":4},"end":{"line":182,"column":76}},"85":{"start":{"line":186,"column":2},"end":{"line":186,"column":24}},"86":{"start":{"line":187,"column":18},"end":{"line":187,"column":37}},"87":{"start":{"line":189,"column":14},"end":{"line":194,"column":3}},"88":{"start":{"line":196,"column":2},"end":{"line":202,"column":5}},"89":{"start":{"line":197,"column":4},"end":{"line":197,"column":30}},"90":{"start":{"line":197,"column":13},"end":{"line":197,"column":30}},"91":{"start":{"line":198,"column":4},"end":{"line":200,"column":5}},"92":{"start":{"line":199,"column":6},"end":{"line":199,"column":73}},"93":{"start":{"line":201,"column":4},"end":{"line":201,"column":42}},"94":{"start":{"line":205,"column":25},"end":{"line":215,"column":1}},"95":{"start":{"line":206,"column":17},"end":{"line":206,"column":27}},"96":{"start":{"line":208,"column":2},"end":{"line":214,"column":5}},"97":{"start":{"line":209,"column":4},"end":{"line":209,"column":30}},"98":{"start":{"line":209,"column":13},"end":{"line":209,"column":30}},"99":{"start":{"line":210,"column":4},"end":{"line":212,"column":5}},"100":{"start":{"line":211,"column":6},"end":{"line":211,"column":73}},"101":{"start":{"line":213,"column":4},"end":{"line":213,"column":74}},"102":{"start":{"line":217,"column":33},"end":{"line":231,"column":1}},"103":{"start":{"line":218,"column":25},"end":{"line":218,"column":35}},"104":{"start":{"line":220,"column":2},"end":{"line":230,"column":4}},"105":{"start":{"line":227,"column":6},"end":{"line":227,"column":32}},"106":{"start":{"line":227,"column":15},"end":{"line":227,"column":32}},"107":{"start":{"line":228,"column":6},"end":{"line":228,"column":29}},"108":{"start":{"line":233,"column":32},"end":{"line":247,"column":1}},"109":{"start":{"line":234,"column":24},"end":{"line":234,"column":34}},"110":{"start":{"line":236,"column":2},"end":{"line":246,"column":4}},"111":{"start":{"line":243,"column":6},"end":{"line":243,"column":32}},"112":{"start":{"line":243,"column":15},"end":{"line":243,"column":32}},"113":{"start":{"line":244,"column":6},"end":{"line":244,"column":29}}},"fnMap":{"0":{"name":"(anonymous_0)","decl":{"start":{"line":3,"column":22},"end":{"line":3,"column":23}},"loc":{"start":{"line":3,"column":42},"end":{"line":26,"column":1}},"line":3},"1":{"name":"(anonymous_1)","decl":{"start":{"line":22,"column":24},"end":{"line":22,"column":25}},"loc":{"start":{"line":22,"column":42},"end":{"line":25,"column":3}},"line":22},"2":{"name":"(anonymous_2)","decl":{"start":{"line":28,"column":26},"end":{"line":28,"column":31}},"loc":{"start":{"line":28,"column":52},"end":{"line":43,"column":1}},"line":28},"3":{"name":"(anonymous_3)","decl":{"start":{"line":34,"column":4},"end":{"line":34,"column":5}},"loc":{"start":{"line":34,"column":22},"end":{"line":41,"column":5}},"line":34},"4":{"name":"colonnesJour","decl":{"start":{"line":45,"column":9},"end":{"line":45,"column":21}},"loc":{"start":{"line":45,"column":31},"end":{"line":58,"column":1}},"line":45},"5":{"name":"emptyToNull","decl":{"start":{"line":60,"column":9},"end":{"line":60,"column":20}},"loc":{"start":{"line":60,"column":28},"end":{"line":62,"column":1}},"line":60},"6":{"name":"(anonymous_6)","decl":{"start":{"line":64,"column":22},"end":{"line":64,"column":23}},"loc":{"start":{"line":64,"column":42},"end":{"line":139,"column":1}},"line":64},"7":{"name":"(anonymous_7)","decl":{"start":{"line":107,"column":29},"end":{"line":107,"column":30}},"loc":{"start":{"line":107,"column":47},"end":{"line":138,"column":3}},"line":107},"8":{"name":"(anonymous_8)","decl":{"start":{"line":134,"column":38},"end":{"line":134,"column":39}},"loc":{"start":{"line":134,"column":58},"end":{"line":137,"column":5}},"line":134},"9":{"name":"(anonymous_9)","decl":{"start":{"line":141,"column":25},"end":{"line":141,"column":30}},"loc":{"start":{"line":141,"column":51},"end":{"line":203,"column":1}},"line":141},"10":{"name":"(anonymous_10)","decl":{"start":{"line":196,"column":30},"end":{"line":196,"column":31}},"loc":{"start":{"line":196,"column":48},"end":{"line":202,"column":3}},"line":196},"11":{"name":"(anonymous_11)","decl":{"start":{"line":205,"column":25},"end":{"line":205,"column":30}},"loc":{"start":{"line":205,"column":51},"end":{"line":215,"column":1}},"line":205},"12":{"name":"(anonymous_12)","decl":{"start":{"line":208,"column":58},"end":{"line":208,"column":59}},"loc":{"start":{"line":208,"column":76},"end":{"line":214,"column":3}},"line":208},"13":{"name":"(anonymous_13)","decl":{"start":{"line":217,"column":33},"end":{"line":217,"column":38}},"loc":{"start":{"line":217,"column":59},"end":{"line":231,"column":1}},"line":217},"14":{"name":"(anonymous_14)","decl":{"start":{"line":226,"column":4},"end":{"line":226,"column":5}},"loc":{"start":{"line":226,"column":22},"end":{"line":229,"column":5}},"line":226},"15":{"name":"(anonymous_15)","decl":{"start":{"line":233,"column":32},"end":{"line":233,"column":37}},"loc":{"start":{"line":233,"column":58},"end":{"line":247,"column":1}},"line":233},"16":{"name":"(anonymous_16)","decl":{"start":{"line":242,"column":4},"end":{"line":242,"column":5}},"loc":{"start":{"line":242,"column":22},"end":{"line":245,"column":5}},"line":242}},"branchMap":{"0":{"loc":{"start":{"line":10,"column":2},"end":{"line":18,"column":3}},"type":"if","locations":[{"start":{"line":10,"column":2},"end":{"line":18,"column":3}},{"start":{"line":14,"column":9},"end":{"line":18,"column":3}}],"line":10},"1":{"loc":{"start":{"line":14,"column":9},"end":{"line":18,"column":3}},"type":"if","locations":[{"start":{"line":14,"column":9},"end":{"line":18,"column":3}},{"start":{},"end":{}}],"line":14},"2":{"loc":{"start":{"line":23,"column":4},"end":{"line":23,"column":30}},"type":"if","locations":[{"start":{"line":23,"column":4},"end":{"line":23,"column":30}},{"start":{},"end":{}}],"line":23},"3":{"loc":{"start":{"line":35,"column":6},"end":{"line":35,"column":32}},"type":"if","locations":[{"start":{"line":35,"column":6},"end":{"line":35,"column":32}},{"start":{},"end":{}}],"line":35},"4":{"loc":{"start":{"line":37,"column":6},"end":{"line":39,"column":7}},"type":"if","locations":[{"start":{"line":37,"column":6},"end":{"line":39,"column":7}},{"start":{},"end":{}}],"line":37},"5":{"loc":{"start":{"line":61,"column":9},"end":{"line":61,"column":77}},"type":"cond-expr","locations":[{"start":{"line":61,"column":65},"end":{"line":61,"column":69}},{"start":{"line":61,"column":72},"end":{"line":61,"column":77}}],"line":61},"6":{"loc":{"start":{"line":61,"column":9},"end":{"line":61,"column":62}},"type":"binary-expr","locations":[{"start":{"line":61,"column":9},"end":{"line":61,"column":28}},{"start":{"line":61,"column":32},"end":{"line":61,"column":46}},{"start":{"line":61,"column":50},"end":{"line":61,"column":62}}],"line":61},"7":{"loc":{"start":{"line":68,"column":2},"end":{"line":72,"column":3}},"type":"if","locations":[{"start":{"line":68,"column":2},"end":{"line":72,"column":3}},{"start":{},"end":{}}],"line":68},"8":{"loc":{"start":{"line":68,"column":6},"end":{"line":68,"column":43}},"type":"binary-expr","locations":[{"start":{"line":68,"column":6},"end":{"line":68,"column":16}},{"start":{"line":68,"column":20},"end":{"line":68,"column":29}},{"start":{"line":68,"column":33},"end":{"line":68,"column":43}}],"line":68},"9":{"loc":{"start":{"line":78,"column":2},"end":{"line":82,"column":3}},"type":"if","locations":[{"start":{"line":78,"column":2},"end":{"line":82,"column":3}},{"start":{},"end":{}}],"line":78},"10":{"loc":{"start":{"line":101,"column":14},"end":{"line":103,"column":53}},"type":"cond-expr","locations":[{"start":{"line":102,"column":6},"end":{"line":102,"column":32}},{"start":{"line":103,"column":6},"end":{"line":103,"column":53}}],"line":101},"11":{"loc":{"start":{"line":105,"column":22},"end":{"line":105,"column":67}},"type":"cond-expr","locations":[{"start":{"line":105,"column":35},"end":{"line":105,"column":58}},{"start":{"line":105,"column":61},"end":{"line":105,"column":67}}],"line":105},"12":{"loc":{"start":{"line":108,"column":4},"end":{"line":108,"column":30}},"type":"if","locations":[{"start":{"line":108,"column":4},"end":{"line":108,"column":30}},{"start":{},"end":{}}],"line":108},"13":{"loc":{"start":{"line":112,"column":4},"end":{"line":116,"column":5}},"type":"if","locations":[{"start":{"line":112,"column":4},"end":{"line":116,"column":5}},{"start":{},"end":{}}],"line":112},"14":{"loc":{"start":{"line":112,"column":8},"end":{"line":112,"column":34}},"type":"binary-expr","locations":[{"start":{"line":112,"column":8},"end":{"line":112,"column":13}},{"start":{"line":112,"column":17},"end":{"line":112,"column":34}}],"line":112},"15":{"loc":{"start":{"line":118,"column":28},"end":{"line":118,"column":52}},"type":"binary-expr","locations":[{"start":{"line":118,"column":28},"end":{"line":118,"column":38}},{"start":{"line":118,"column":42},"end":{"line":118,"column":52}}],"line":118},"16":{"loc":{"start":{"line":135,"column":6},"end":{"line":135,"column":34}},"type":"if","locations":[{"start":{"line":135,"column":6},"end":{"line":135,"column":34}},{"start":{},"end":{}}],"line":135},"17":{"loc":{"start":{"line":156,"column":2},"end":{"line":159,"column":3}},"type":"if","locations":[{"start":{"line":156,"column":2},"end":{"line":159,"column":3}},{"start":{},"end":{}}],"line":156},"18":{"loc":{"start":{"line":160,"column":2},"end":{"line":163,"column":3}},"type":"if","locations":[{"start":{"line":160,"column":2},"end":{"line":163,"column":3}},{"start":{},"end":{}}],"line":160},"19":{"loc":{"start":{"line":164,"column":2},"end":{"line":167,"column":3}},"type":"if","locations":[{"start":{"line":164,"column":2},"end":{"line":167,"column":3}},{"start":{},"end":{}}],"line":164},"20":{"loc":{"start":{"line":168,"column":2},"end":{"line":171,"column":3}},"type":"if","locations":[{"start":{"line":168,"column":2},"end":{"line":171,"column":3}},{"start":{},"end":{}}],"line":168},"21":{"loc":{"start":{"line":172,"column":2},"end":{"line":175,"column":3}},"type":"if","locations":[{"start":{"line":172,"column":2},"end":{"line":175,"column":3}},{"start":{},"end":{}}],"line":172},"22":{"loc":{"start":{"line":176,"column":2},"end":{"line":179,"column":3}},"type":"if","locations":[{"start":{"line":176,"column":2},"end":{"line":179,"column":3}},{"start":{},"end":{}}],"line":176},"23":{"loc":{"start":{"line":181,"column":2},"end":{"line":183,"column":3}},"type":"if","locations":[{"start":{"line":181,"column":2},"end":{"line":183,"column":3}},{"start":{},"end":{}}],"line":181},"24":{"loc":{"start":{"line":197,"column":4},"end":{"line":197,"column":30}},"type":"if","locations":[{"start":{"line":197,"column":4},"end":{"line":197,"column":30}},{"start":{},"end":{}}],"line":197},"25":{"loc":{"start":{"line":198,"column":4},"end":{"line":200,"column":5}},"type":"if","locations":[{"start":{"line":198,"column":4},"end":{"line":200,"column":5}},{"start":{},"end":{}}],"line":198},"26":{"loc":{"start":{"line":209,"column":4},"end":{"line":209,"column":30}},"type":"if","locations":[{"start":{"line":209,"column":4},"end":{"line":209,"column":30}},{"start":{},"end":{}}],"line":209},"27":{"loc":{"start":{"line":210,"column":4},"end":{"line":212,"column":5}},"type":"if","locations":[{"start":{"line":210,"column":4},"end":{"line":212,"column":5}},{"start":{},"end":{}}],"line":210},"28":{"loc":{"start":{"line":227,"column":6},"end":{"line":227,"column":32}},"type":"if","locations":[{"start":{"line":227,"column":6},"end":{"line":227,"column":32}},{"start":{},"end":{}}],"line":227},"29":{"loc":{"start":{"line":243,"column":6},"end":{"line":243,"column":32}},"type":"if","locations":[{"start":{"line":243,"column":6},"end":{"line":243,"column":32}},{"start":{},"end":{}}],"line":243}},"s":{"0":3,"1":4,"2":4,"3":4,"4":4,"5":4,"6":1,"7":1,"8":1,"9":3,"10":1,"11":1,"12":1,"13":4,"14":4,"15":4,"16":0,"17":4,"18":3,"19":3,"20":3,"21":3,"22":0,"23":3,"24":3,"25":2,"26":1,"27":2,"28":2,"29":2,"30":2,"31":5,"32":3,"33":4,"34":4,"35":4,"36":1,"37":3,"38":3,"39":3,"40":3,"41":1,"42":2,"43":2,"44":2,"45":2,"46":4,"47":4,"48":2,"49":0,"50":2,"51":2,"52":1,"53":1,"54":2,"55":2,"56":2,"57":1,"58":0,"59":1,"60":3,"61":3,"62":3,"63":3,"64":3,"65":3,"66":0,"67":0,"68":3,"69":0,"70":0,"71":3,"72":0,"73":0,"74":3,"75":0,"76":0,"77":3,"78":2,"79":2,"80":3,"81":1,"82":1,"83":3,"84":0,"85":3,"86":3,"87":3,"88":3,"89":3,"90":1,"91":2,"92":1,"93":1,"94":3,"95":2,"96":2,"97":2,"98":0,"99":2,"100":1,"101":1,"102":3,"103":0,"104":0,"105":0,"106":0,"107":0,"108":3,"109":0,"110":0,"111":0,"112":0,"113":0},"f":{"0":4,"1":4,"2":3,"3":3,"4":2,"5":5,"6":4,"7":2,"8":1,"9":3,"10":3,"11":2,"12":2,"13":0,"14":0,"15":0,"16":0},"b":{"0":[1,3],"1":[1,2],"2":[0,4],"3":[0,3],"4":[2,1],"5":[1,4],"6":[5,4,4],"7":[1,3],"8":[4,4,3],"9":[1,2],"10":[2,0],"11":[2,0],"12":[0,2],"13":[1,1],"14":[2,2],"15":[1,0],"16":[0,1],"17":[0,3],"18":[0,3],"19":[0,3],"20":[0,3],"21":[2,1],"22":[1,2],"23":[0,3],"24":[1,2],"25":[1,1],"26":[0,2],"27":[1,1],"28":[0,0],"29":[0,0]},"meta":{"lastBranch":30,"lastFunction":17,"lastStatement":114,"seen":{"s:3:22:26:1":0,"f:3:22:3:23":0,"s:4:36:4:45":1,"s:6:12:6:39":2,"s:7:17:7:19":3,"s:8:19:8:20":4,"b:10:2:18:3:14:9:18:3":0,"s:10:2:18:3":5,"s:11:4:11:47":6,"s:12:4:12:27":7,"s:13:4:13:17":8,"b:14:9:18:3:undefined:undefined:undefined:undefined":1,"s:14:9:18:3":9,"s:15:4:15:48":10,"s:16:4:16:28":11,"s:17:4:17:17":12,"s:20:2:20:49":13,"s:22:2:25:5":14,"f:22:24:22:25":1,"b:23:4:23:30:undefined:undefined:undefined:undefined":2,"s:23:4:23:30":15,"s:23:13:23:30":16,"s:24:4:24:27":17,"s:28:26:43:1":18,"f:28:26:28:31":2,"s:29:17:29:27":19,"s:31:2:42:4":20,"f:34:4:34:5":3,"b:35:6:35:32:undefined:undefined:undefined:undefined":3,"s:35:6:35:32":21,"s:35:15:35:32":22,"s:36:19:36:31":23,"b:37:6:39:7:undefined:undefined:undefined:undefined":4,"s:37:6:39:7":24,"s:38:8:38:75":25,"s:40:6:40:24":26,"f:45:9:45:21":4,"s:46:12:46:52":27,"s:47:15:55:3":28,"s:56:15:56:22":29,"s:57:2:57:62":30,"f:60:9:60:20":5,"s:61:2:61:78":31,"b:61:65:61:69:61:72:61:77":5,"b:61:9:61:28:61:32:61:46:61:50:61:62":6,"s:64:22:139:1":32,"f:64:22:64:23":6,"s:65:57:65:65":33,"s:66:31:66:73":34,"b:68:2:72:3:undefined:undefined:undefined:undefined":7,"s:68:2:72:3":35,"b:68:6:68:16:68:20:68:29:68:33:68:43":8,"s:69:4:71:7":36,"s:75:16:75:26":37,"s:76:2:76:29":38,"s:77:18:77:50":39,"b:78:2:82:3:undefined:undefined:undefined:undefined":9,"s:78:2:82:3":40,"s:79:4:81:7":41,"s:84:31:84:53":42,"s:86:18:98:3":43,"s:99:17:99:60":44,"s:101:14:103:53":45,"b:102:6:102:32:103:6:103:53":10,"s:105:22:105:67":46,"b:105:35:105:58:105:61:105:67":11,"s:107:2:138:5":47,"f:107:29:107:30":7,"b:108:4:108:30:undefined:undefined:undefined:undefined":12,"s:108:4:108:30":48,"s:108:13:108:30":49,"s:110:17:110:29":50,"b:112:4:116:5:undefined:undefined:undefined:undefined":13,"s:112:4:116:5":51,"b:112:8:112:13:112:17:112:34":14,"s:113:6:115:72":52,"s:118:28:118:52":53,"b:118:28:118:38:118:42:118:52":15,"s:120:22:125:5":54,"s:126:25:132:5":55,"s:134:4:137:7":56,"f:134:38:134:39":8,"b:135:6:135:34:undefined:undefined:undefined:undefined":16,"s:135:6:135:34":57,"s:135:16:135:34":58,"s:136:6:136:45":59,"s:141:25:203:1":60,"f:141:25:141:30":9,"s:142:17:142:27":61,"s:151:6:151:14":62,"s:153:23:153:25":63,"s:154:23:154:25":64,"b:156:2:159:3:undefined:undefined:undefined:undefined":17,"s:156:2:159:3":65,"s:157:4:157:65":66,"s:158:4:158:33":67,"b:160:2:163:3:undefined:undefined:undefined:undefined":18,"s:160:2:163:3":68,"s:161:4:161:66":69,"s:162:4:162:34":70,"b:164:2:167:3:undefined:undefined:undefined:undefined":19,"s:164:2:167:3":71,"s:165:4:165:64":72,"s:166:4:166:32":73,"b:168:2:171:3:undefined:undefined:undefined:undefined":20,"s:168:2:171:3":74,"s:169:4:169:65":75,"s:170:4:170:33":76,"b:172:2:175:3:undefined:undefined:undefined:undefined":21,"s:172:2:175:3":77,"s:173:4:173:62":78,"s:174:4:174:30":79,"b:176:2:179:3:undefined:undefined:undefined:undefined":22,"s:176:2:179:3":80,"s:177:4:177:76":81,"s:178:4:178:57":82,"b:181:2:183:3:undefined:undefined:undefined:undefined":23,"s:181:2:183:3":83,"s:182:4:182:76":84,"s:186:2:186:24":85,"s:187:18:187:37":86,"s:189:14:194:3":87,"s:196:2:202:5":88,"f:196:30:196:31":10,"b:197:4:197:30:undefined:undefined:undefined:undefined":24,"s:197:4:197:30":89,"s:197:13:197:30":90,"b:198:4:200:5:undefined:undefined:undefined:undefined":25,"s:198:4:200:5":91,"s:199:6:199:73":92,"s:201:4:201:42":93,"s:205:25:215:1":94,"f:205:25:205:30":11,"s:206:17:206:27":95,"s:208:2:214:5":96,"f:208:58:208:59":12,"b:209:4:209:30:undefined:undefined:undefined:undefined":26,"s:209:4:209:30":97,"s:209:13:209:30":98,"b:210:4:212:5:undefined:undefined:undefined:undefined":27,"s:210:4:212:5":99,"s:211:6:211:73":100,"s:213:4:213:74":101,"s:217:33:231:1":102,"f:217:33:217:38":13,"s:218:25:218:35":103,"s:220:2:230:4":104,"f:226:4:226:5":14,"b:227:6:227:32:undefined:undefined:undefined:undefined":28,"s:227:6:227:32":105,"s:227:15:227:32":106,"s:228:6:228:29":107,"s:233:32:247:1":108,"f:233:32:233:37":15,"s:234:24:234:34":109,"s:236:2:246:4":110,"f:242:4:242:5":16,"b:243:6:243:32:undefined:undefined:undefined:undefined":29,"s:243:6:243:32":111,"s:243:15:243:32":112,"s:244:6:244:29":113}}}
,"C:\\Users\\charl\\FixioTech\\backend\\controleurs\\controleurUtilisateur.js": {"path":"C:\\Users\\charl\\FixioTech\\backend\\controleurs\\controleurUtilisateur.js","statementMap":{"0":{"start":{"line":4,"column":24},"end":{"line":18,"column":1}},"1":{"start":{"line":5,"column":19},"end":{"line":5,"column":28}},"2":{"start":{"line":6,"column":12},"end":{"line":6,"column":67}},"3":{"start":{"line":7,"column":17},"end":{"line":7,"column":19}},"4":{"start":{"line":9,"column":2},"end":{"line":12,"column":3}},"5":{"start":{"line":10,"column":4},"end":{"line":10,"column":30}},"6":{"start":{"line":11,"column":4},"end":{"line":11,"column":22}},"7":{"start":{"line":14,"column":2},"end":{"line":17,"column":5}},"8":{"start":{"line":15,"column":4},"end":{"line":15,"column":30}},"9":{"start":{"line":15,"column":13},"end":{"line":15,"column":30}},"10":{"start":{"line":16,"column":4},"end":{"line":16,"column":27}},"11":{"start":{"line":20,"column":27},"end":{"line":37,"column":1}},"12":{"start":{"line":21,"column":17},"end":{"line":21,"column":27}},"13":{"start":{"line":23,"column":2},"end":{"line":36,"column":4}},"14":{"start":{"line":27,"column":6},"end":{"line":29,"column":7}},"15":{"start":{"line":28,"column":8},"end":{"line":28,"column":25}},"16":{"start":{"line":30,"column":19},"end":{"line":30,"column":31}},"17":{"start":{"line":31,"column":6},"end":{"line":33,"column":7}},"18":{"start":{"line":32,"column":8},"end":{"line":32,"column":75}},"19":{"start":{"line":34,"column":6},"end":{"line":34,"column":24}},"20":{"start":{"line":39,"column":23},"end":{"line":68,"column":1}},"21":{"start":{"line":41,"column":16},"end":{"line":41,"column":38}},"22":{"start":{"line":42,"column":2},"end":{"line":47,"column":3}},"23":{"start":{"line":43,"column":4},"end":{"line":46,"column":7}},"24":{"start":{"line":49,"column":64},"end":{"line":49,"column":72}},"25":{"start":{"line":51,"column":2},"end":{"line":53,"column":3}},"26":{"start":{"line":52,"column":4},"end":{"line":52,"column":72}},"27":{"start":{"line":55,"column":14},"end":{"line":59,"column":3}},"28":{"start":{"line":61,"column":2},"end":{"line":67,"column":5}},"29":{"start":{"line":62,"column":4},"end":{"line":64,"column":5}},"30":{"start":{"line":63,"column":6},"end":{"line":63,"column":23}},"31":{"start":{"line":65,"column":16},"end":{"line":65,"column":31}},"32":{"start":{"line":66,"column":4},"end":{"line":66,"column":30}},"33":{"start":{"line":70,"column":26},"end":{"line":127,"column":1}},"34":{"start":{"line":72,"column":16},"end":{"line":72,"column":38}},"35":{"start":{"line":73,"column":2},"end":{"line":78,"column":3}},"36":{"start":{"line":74,"column":4},"end":{"line":77,"column":7}},"37":{"start":{"line":80,"column":17},"end":{"line":80,"column":27}},"38":{"start":{"line":81,"column":53},"end":{"line":81,"column":61}},"39":{"start":{"line":83,"column":23},"end":{"line":83,"column":25}},"40":{"start":{"line":84,"column":23},"end":{"line":84,"column":25}},"41":{"start":{"line":86,"column":2},"end":{"line":89,"column":3}},"42":{"start":{"line":87,"column":4},"end":{"line":87,"column":61}},"43":{"start":{"line":88,"column":4},"end":{"line":88,"column":29}},"44":{"start":{"line":90,"column":2},"end":{"line":93,"column":3}},"45":{"start":{"line":91,"column":4},"end":{"line":91,"column":68}},"46":{"start":{"line":92,"column":4},"end":{"line":92,"column":36}},"47":{"start":{"line":94,"column":2},"end":{"line":97,"column":3}},"48":{"start":{"line":95,"column":4},"end":{"line":95,"column":67}},"49":{"start":{"line":96,"column":4},"end":{"line":96,"column":35}},"50":{"start":{"line":98,"column":2},"end":{"line":101,"column":3}},"51":{"start":{"line":99,"column":4},"end":{"line":99,"column":60}},"52":{"start":{"line":100,"column":4},"end":{"line":100,"column":28}},"53":{"start":{"line":103,"column":2},"end":{"line":105,"column":3}},"54":{"start":{"line":104,"column":4},"end":{"line":104,"column":76}},"55":{"start":{"line":108,"column":2},"end":{"line":108,"column":24}},"56":{"start":{"line":109,"column":18},"end":{"line":109,"column":37}},"57":{"start":{"line":111,"column":14},"end":{"line":116,"column":3}},"58":{"start":{"line":118,"column":2},"end":{"line":126,"column":5}},"59":{"start":{"line":119,"column":4},"end":{"line":121,"column":5}},"60":{"start":{"line":120,"column":6},"end":{"line":120,"column":23}},"61":{"start":{"line":122,"column":4},"end":{"line":124,"column":5}},"62":{"start":{"line":123,"column":6},"end":{"line":123,"column":73}},"63":{"start":{"line":125,"column":4},"end":{"line":125,"column":42}},"64":{"start":{"line":129,"column":26},"end":{"line":145,"column":1}},"65":{"start":{"line":130,"column":17},"end":{"line":130,"column":27}},"66":{"start":{"line":132,"column":2},"end":{"line":144,"column":4}},"67":{"start":{"line":136,"column":6},"end":{"line":138,"column":7}},"68":{"start":{"line":137,"column":8},"end":{"line":137,"column":25}},"69":{"start":{"line":139,"column":6},"end":{"line":141,"column":7}},"70":{"start":{"line":140,"column":8},"end":{"line":140,"column":75}},"71":{"start":{"line":142,"column":6},"end":{"line":142,"column":76}},"72":{"start":{"line":147,"column":25},"end":{"line":174,"column":1}},"73":{"start":{"line":148,"column":34},"end":{"line":148,"column":42}},"74":{"start":{"line":150,"column":2},"end":{"line":152,"column":3}},"75":{"start":{"line":151,"column":4},"end":{"line":151,"column":72}},"76":{"start":{"line":154,"column":2},"end":{"line":173,"column":4}},"77":{"start":{"line":162,"column":6},"end":{"line":164,"column":7}},"78":{"start":{"line":163,"column":8},"end":{"line":163,"column":25}},"79":{"start":{"line":165,"column":19},"end":{"line":165,"column":31}},"80":{"start":{"line":166,"column":6},"end":{"line":170,"column":7}},"81":{"start":{"line":167,"column":8},"end":{"line":169,"column":64}},"82":{"start":{"line":171,"column":6},"end":{"line":171,"column":36}},"83":{"start":{"line":178,"column":12},"end":{"line":178,"column":52}},"84":{"start":{"line":179,"column":15},"end":{"line":187,"column":3}},"85":{"start":{"line":188,"column":15},"end":{"line":188,"column":22}},"86":{"start":{"line":189,"column":2},"end":{"line":189,"column":62}},"87":{"start":{"line":192,"column":31},"end":{"line":222,"column":1}},"88":{"start":{"line":193,"column":26},"end":{"line":193,"column":35}},"89":{"start":{"line":194,"column":2},"end":{"line":198,"column":3}},"90":{"start":{"line":195,"column":4},"end":{"line":197,"column":7}},"91":{"start":{"line":200,"column":31},"end":{"line":200,"column":49}},"92":{"start":{"line":202,"column":14},"end":{"line":215,"column":3}},"93":{"start":{"line":216,"column":17},"end":{"line":216,"column":44}},"94":{"start":{"line":218,"column":2},"end":{"line":221,"column":5}},"95":{"start":{"line":219,"column":4},"end":{"line":219,"column":30}},"96":{"start":{"line":219,"column":13},"end":{"line":219,"column":30}},"97":{"start":{"line":220,"column":4},"end":{"line":220,"column":27}}},"fnMap":{"0":{"name":"(anonymous_0)","decl":{"start":{"line":4,"column":24},"end":{"line":4,"column":25}},"loc":{"start":{"line":4,"column":44},"end":{"line":18,"column":1}},"line":4},"1":{"name":"(anonymous_1)","decl":{"start":{"line":14,"column":24},"end":{"line":14,"column":25}},"loc":{"start":{"line":14,"column":42},"end":{"line":17,"column":3}},"line":14},"2":{"name":"(anonymous_2)","decl":{"start":{"line":20,"column":27},"end":{"line":20,"column":32}},"loc":{"start":{"line":20,"column":53},"end":{"line":37,"column":1}},"line":20},"3":{"name":"(anonymous_3)","decl":{"start":{"line":26,"column":4},"end":{"line":26,"column":5}},"loc":{"start":{"line":26,"column":22},"end":{"line":35,"column":5}},"line":26},"4":{"name":"(anonymous_4)","decl":{"start":{"line":39,"column":23},"end":{"line":39,"column":28}},"loc":{"start":{"line":39,"column":49},"end":{"line":68,"column":1}},"line":39},"5":{"name":"(anonymous_5)","decl":{"start":{"line":61,"column":58},"end":{"line":61,"column":59}},"loc":{"start":{"line":61,"column":76},"end":{"line":67,"column":3}},"line":61},"6":{"name":"(anonymous_6)","decl":{"start":{"line":70,"column":26},"end":{"line":70,"column":31}},"loc":{"start":{"line":70,"column":52},"end":{"line":127,"column":1}},"line":70},"7":{"name":"(anonymous_7)","decl":{"start":{"line":118,"column":30},"end":{"line":118,"column":31}},"loc":{"start":{"line":118,"column":48},"end":{"line":126,"column":3}},"line":118},"8":{"name":"(anonymous_8)","decl":{"start":{"line":129,"column":26},"end":{"line":129,"column":31}},"loc":{"start":{"line":129,"column":52},"end":{"line":145,"column":1}},"line":129},"9":{"name":"(anonymous_9)","decl":{"start":{"line":135,"column":4},"end":{"line":135,"column":5}},"loc":{"start":{"line":135,"column":22},"end":{"line":143,"column":5}},"line":135},"10":{"name":"(anonymous_10)","decl":{"start":{"line":147,"column":25},"end":{"line":147,"column":30}},"loc":{"start":{"line":147,"column":51},"end":{"line":174,"column":1}},"line":147},"11":{"name":"(anonymous_11)","decl":{"start":{"line":161,"column":4},"end":{"line":161,"column":5}},"loc":{"start":{"line":161,"column":22},"end":{"line":172,"column":5}},"line":161},"12":{"name":"colonnesJour","decl":{"start":{"line":176,"column":9},"end":{"line":176,"column":21}},"loc":{"start":{"line":176,"column":31},"end":{"line":190,"column":1}},"line":176},"13":{"name":"(anonymous_13)","decl":{"start":{"line":192,"column":31},"end":{"line":192,"column":32}},"loc":{"start":{"line":192,"column":51},"end":{"line":222,"column":1}},"line":192},"14":{"name":"(anonymous_14)","decl":{"start":{"line":218,"column":24},"end":{"line":218,"column":25}},"loc":{"start":{"line":218,"column":42},"end":{"line":221,"column":3}},"line":218}},"branchMap":{"0":{"loc":{"start":{"line":9,"column":2},"end":{"line":12,"column":3}},"type":"if","locations":[{"start":{"line":9,"column":2},"end":{"line":12,"column":3}},{"start":{},"end":{}}],"line":9},"1":{"loc":{"start":{"line":15,"column":4},"end":{"line":15,"column":30}},"type":"if","locations":[{"start":{"line":15,"column":4},"end":{"line":15,"column":30}},{"start":{},"end":{}}],"line":15},"2":{"loc":{"start":{"line":27,"column":6},"end":{"line":29,"column":7}},"type":"if","locations":[{"start":{"line":27,"column":6},"end":{"line":29,"column":7}},{"start":{},"end":{}}],"line":27},"3":{"loc":{"start":{"line":31,"column":6},"end":{"line":33,"column":7}},"type":"if","locations":[{"start":{"line":31,"column":6},"end":{"line":33,"column":7}},{"start":{},"end":{}}],"line":31},"4":{"loc":{"start":{"line":42,"column":2},"end":{"line":47,"column":3}},"type":"if","locations":[{"start":{"line":42,"column":2},"end":{"line":47,"column":3}},{"start":{},"end":{}}],"line":42},"5":{"loc":{"start":{"line":49,"column":44},"end":{"line":49,"column":59}},"type":"default-arg","locations":[{"start":{"line":49,"column":51},"end":{"line":49,"column":59}}],"line":49},"6":{"loc":{"start":{"line":51,"column":2},"end":{"line":53,"column":3}},"type":"if","locations":[{"start":{"line":51,"column":2},"end":{"line":53,"column":3}},{"start":{},"end":{}}],"line":51},"7":{"loc":{"start":{"line":51,"column":6},"end":{"line":51,"column":45}},"type":"binary-expr","locations":[{"start":{"line":51,"column":6},"end":{"line":51,"column":12}},{"start":{"line":51,"column":16},"end":{"line":51,"column":29}},{"start":{"line":51,"column":33},"end":{"line":51,"column":45}}],"line":51},"8":{"loc":{"start":{"line":62,"column":4},"end":{"line":64,"column":5}},"type":"if","locations":[{"start":{"line":62,"column":4},"end":{"line":64,"column":5}},{"start":{},"end":{}}],"line":62},"9":{"loc":{"start":{"line":73,"column":2},"end":{"line":78,"column":3}},"type":"if","locations":[{"start":{"line":73,"column":2},"end":{"line":78,"column":3}},{"start":{},"end":{}}],"line":73},"10":{"loc":{"start":{"line":86,"column":2},"end":{"line":89,"column":3}},"type":"if","locations":[{"start":{"line":86,"column":2},"end":{"line":89,"column":3}},{"start":{},"end":{}}],"line":86},"11":{"loc":{"start":{"line":90,"column":2},"end":{"line":93,"column":3}},"type":"if","locations":[{"start":{"line":90,"column":2},"end":{"line":93,"column":3}},{"start":{},"end":{}}],"line":90},"12":{"loc":{"start":{"line":94,"column":2},"end":{"line":97,"column":3}},"type":"if","locations":[{"start":{"line":94,"column":2},"end":{"line":97,"column":3}},{"start":{},"end":{}}],"line":94},"13":{"loc":{"start":{"line":98,"column":2},"end":{"line":101,"column":3}},"type":"if","locations":[{"start":{"line":98,"column":2},"end":{"line":101,"column":3}},{"start":{},"end":{}}],"line":98},"14":{"loc":{"start":{"line":103,"column":2},"end":{"line":105,"column":3}},"type":"if","locations":[{"start":{"line":103,"column":2},"end":{"line":105,"column":3}},{"start":{},"end":{}}],"line":103},"15":{"loc":{"start":{"line":119,"column":4},"end":{"line":121,"column":5}},"type":"if","locations":[{"start":{"line":119,"column":4},"end":{"line":121,"column":5}},{"start":{},"end":{}}],"line":119},"16":{"loc":{"start":{"line":122,"column":4},"end":{"line":124,"column":5}},"type":"if","locations":[{"start":{"line":122,"column":4},"end":{"line":124,"column":5}},{"start":{},"end":{}}],"line":122},"17":{"loc":{"start":{"line":136,"column":6},"end":{"line":138,"column":7}},"type":"if","locations":[{"start":{"line":136,"column":6},"end":{"line":138,"column":7}},{"start":{},"end":{}}],"line":136},"18":{"loc":{"start":{"line":139,"column":6},"end":{"line":141,"column":7}},"type":"if","locations":[{"start":{"line":139,"column":6},"end":{"line":141,"column":7}},{"start":{},"end":{}}],"line":139},"19":{"loc":{"start":{"line":150,"column":2},"end":{"line":152,"column":3}},"type":"if","locations":[{"start":{"line":150,"column":2},"end":{"line":152,"column":3}},{"start":{},"end":{}}],"line":150},"20":{"loc":{"start":{"line":150,"column":6},"end":{"line":150,"column":29}},"type":"binary-expr","locations":[{"start":{"line":150,"column":6},"end":{"line":150,"column":12}},{"start":{"line":150,"column":16},"end":{"line":150,"column":29}}],"line":150},"21":{"loc":{"start":{"line":162,"column":6},"end":{"line":164,"column":7}},"type":"if","locations":[{"start":{"line":162,"column":6},"end":{"line":164,"column":7}},{"start":{},"end":{}}],"line":162},"22":{"loc":{"start":{"line":166,"column":6},"end":{"line":170,"column":7}},"type":"if","locations":[{"start":{"line":166,"column":6},"end":{"line":170,"column":7}},{"start":{},"end":{}}],"line":166},"23":{"loc":{"start":{"line":194,"column":2},"end":{"line":198,"column":3}},"type":"if","locations":[{"start":{"line":194,"column":2},"end":{"line":198,"column":3}},{"start":{},"end":{}}],"line":194},"24":{"loc":{"start":{"line":194,"column":6},"end":{"line":194,"column":21}},"type":"binary-expr","locations":[{"start":{"line":194,"column":6},"end":{"line":194,"column":11}},{"start":{"line":194,"column":15},"end":{"line":194,"column":21}}],"line":194},"25":{"loc":{"start":{"line":219,"column":4},"end":{"line":219,"column":30}},"type":"if","locations":[{"start":{"line":219,"column":4},"end":{"line":219,"column":30}},{"start":{},"end":{}}],"line":219}},"s":{"0":3,"1":2,"2":2,"3":2,"4":2,"5":1,"6":1,"7":2,"8":2,"9":0,"10":2,"11":3,"12":3,"13":3,"14":3,"15":0,"16":3,"17":3,"18":2,"19":1,"20":3,"21":4,"22":4,"23":2,"24":2,"25":2,"26":0,"27":2,"28":2,"29":2,"30":1,"31":1,"32":1,"33":3,"34":2,"35":2,"36":0,"37":2,"38":2,"39":2,"40":2,"41":2,"42":0,"43":0,"44":2,"45":0,"46":0,"47":2,"48":2,"49":2,"50":2,"51":0,"52":0,"53":2,"54":0,"55":2,"56":2,"57":2,"58":2,"59":2,"60":0,"61":2,"62":1,"63":1,"64":3,"65":2,"66":2,"67":2,"68":0,"69":2,"70":1,"71":1,"72":3,"73":3,"74":3,"75":0,"76":3,"77":3,"78":0,"79":3,"80":3,"81":2,"82":1,"83":1,"84":1,"85":1,"86":1,"87":3,"88":1,"89":1,"90":0,"91":1,"92":1,"93":1,"94":1,"95":1,"96":0,"97":1},"f":{"0":2,"1":2,"2":3,"3":3,"4":4,"5":2,"6":2,"7":2,"8":2,"9":2,"10":3,"11":3,"12":1,"13":1,"14":1},"b":{"0":[1,1],"1":[0,2],"2":[0,3],"3":[2,1],"4":[2,2],"5":[2],"6":[0,2],"7":[2,2,2],"8":[1,1],"9":[0,2],"10":[0,2],"11":[0,2],"12":[2,0],"13":[0,2],"14":[0,2],"15":[0,2],"16":[1,1],"17":[0,2],"18":[1,1],"19":[0,3],"20":[3,3],"21":[0,3],"22":[2,1],"23":[0,1],"24":[1,1],"25":[0,1]},"meta":{"lastBranch":26,"lastFunction":15,"lastStatement":98,"seen":{"s:4:24:18:1":0,"f:4:24:4:25":0,"s:5:19:5:28":1,"s:6:12:6:67":2,"s:7:17:7:19":3,"b:9:2:12:3:undefined:undefined:undefined:undefined":0,"s:9:2:12:3":4,"s:10:4:10:30":5,"s:11:4:11:22":6,"s:14:2:17:5":7,"f:14:24:14:25":1,"b:15:4:15:30:undefined:undefined:undefined:undefined":1,"s:15:4:15:30":8,"s:15:13:15:30":9,"s:16:4:16:27":10,"s:20:27:37:1":11,"f:20:27:20:32":2,"s:21:17:21:27":12,"s:23:2:36:4":13,"f:26:4:26:5":3,"b:27:6:29:7:undefined:undefined:undefined:undefined":2,"s:27:6:29:7":14,"s:28:8:28:25":15,"s:30:19:30:31":16,"b:31:6:33:7:undefined:undefined:undefined:undefined":3,"s:31:6:33:7":17,"s:32:8:32:75":18,"s:34:6:34:24":19,"s:39:23:68:1":20,"f:39:23:39:28":4,"s:41:16:41:38":21,"b:42:2:47:3:undefined:undefined:undefined:undefined":4,"s:42:2:47:3":22,"s:43:4:46:7":23,"s:49:64:49:72":24,"b:49:51:49:59":5,"b:51:2:53:3:undefined:undefined:undefined:undefined":6,"s:51:2:53:3":25,"b:51:6:51:12:51:16:51:29:51:33:51:45":7,"s:52:4:52:72":26,"s:55:14:59:3":27,"s:61:2:67:5":28,"f:61:58:61:59":5,"b:62:4:64:5:undefined:undefined:undefined:undefined":8,"s:62:4:64:5":29,"s:63:6:63:23":30,"s:65:16:65:31":31,"s:66:4:66:30":32,"s:70:26:127:1":33,"f:70:26:70:31":6,"s:72:16:72:38":34,"b:73:2:78:3:undefined:undefined:undefined:undefined":9,"s:73:2:78:3":35,"s:74:4:77:7":36,"s:80:17:80:27":37,"s:81:53:81:61":38,"s:83:23:83:25":39,"s:84:23:84:25":40,"b:86:2:89:3:undefined:undefined:undefined:undefined":10,"s:86:2:89:3":41,"s:87:4:87:61":42,"s:88:4:88:29":43,"b:90:2:93:3:undefined:undefined:undefined:undefined":11,"s:90:2:93:3":44,"s:91:4:91:68":45,"s:92:4:92:36":46,"b:94:2:97:3:undefined:undefined:undefined:undefined":12,"s:94:2:97:3":47,"s:95:4:95:67":48,"s:96:4:96:35":49,"b:98:2:101:3:undefined:undefined:undefined:undefined":13,"s:98:2:101:3":50,"s:99:4:99:60":51,"s:100:4:100:28":52,"b:103:2:105:3:undefined:undefined:undefined:undefined":14,"s:103:2:105:3":53,"s:104:4:104:76":54,"s:108:2:108:24":55,"s:109:18:109:37":56,"s:111:14:116:3":57,"s:118:2:126:5":58,"f:118:30:118:31":7,"b:119:4:121:5:undefined:undefined:undefined:undefined":15,"s:119:4:121:5":59,"s:120:6:120:23":60,"b:122:4:124:5:undefined:undefined:undefined:undefined":16,"s:122:4:124:5":61,"s:123:6:123:73":62,"s:125:4:125:42":63,"s:129:26:145:1":64,"f:129:26:129:31":8,"s:130:17:130:27":65,"s:132:2:144:4":66,"f:135:4:135:5":9,"b:136:6:138:7:undefined:undefined:undefined:undefined":17,"s:136:6:138:7":67,"s:137:8:137:25":68,"b:139:6:141:7:undefined:undefined:undefined:undefined":18,"s:139:6:141:7":69,"s:140:8:140:75":70,"s:142:6:142:76":71,"s:147:25:174:1":72,"f:147:25:147:30":10,"s:148:34:148:42":73,"b:150:2:152:3:undefined:undefined:undefined:undefined":19,"s:150:2:152:3":74,"b:150:6:150:12:150:16:150:29":20,"s:151:4:151:72":75,"s:154:2:173:4":76,"f:161:4:161:5":11,"b:162:6:164:7:undefined:undefined:undefined:undefined":21,"s:162:6:164:7":77,"s:163:8:163:25":78,"s:165:19:165:31":79,"b:166:6:170:7:undefined:undefined:undefined:undefined":22,"s:166:6:170:7":80,"s:167:8:169:64":81,"s:171:6:171:36":82,"f:176:9:176:21":12,"s:178:12:178:52":83,"s:179:15:187:3":84,"s:188:15:188:22":85,"s:189:2:189:62":86,"s:192:31:222:1":87,"f:192:31:192:32":13,"s:193:26:193:35":88,"b:194:2:198:3:undefined:undefined:undefined:undefined":23,"s:194:2:198:3":89,"b:194:6:194:11:194:15:194:21":24,"s:195:4:197:7":90,"s:200:31:200:49":91,"s:202:14:215:3":92,"s:216:17:216:44":93,"s:218:2:221:5":94,"f:218:24:218:25":14,"b:219:4:219:30:undefined:undefined:undefined:undefined":25,"s:219:4:219:30":95,"s:219:13:219:30":96,"s:220:4:220:27":97}}}
,"C:\\Users\\charl\\FixioTech\\backend\\middlewares\\errorHandler.js": {"path":"C:\\Users\\charl\\FixioTech\\backend\\middlewares\\errorHandler.js","statementMap":{"0":{"start":{"line":2,"column":2},"end":{"line":2,"column":42}},"1":{"start":{"line":2,"column":23},"end":{"line":2,"column":42}},"2":{"start":{"line":5,"column":15},"end":{"line":7,"column":10}},"3":{"start":{"line":10,"column":2},"end":{"line":46,"column":3}},"4":{"start":{"line":11,"column":4},"end":{"line":45,"column":5}},"5":{"start":{"line":13,"column":8},"end":{"line":13,"column":21}},"6":{"start":{"line":15,"column":8},"end":{"line":17,"column":9}},"7":{"start":{"line":16,"column":10},"end":{"line":16,"column":53}},"8":{"start":{"line":18,"column":8},"end":{"line":18,"column":14}},"9":{"start":{"line":21,"column":8},"end":{"line":21,"column":21}},"10":{"start":{"line":22,"column":8},"end":{"line":22,"column":14}},"11":{"start":{"line":25,"column":8},"end":{"line":25,"column":21}},"12":{"start":{"line":26,"column":8},"end":{"line":28,"column":9}},"13":{"start":{"line":27,"column":10},"end":{"line":27,"column":92}},"14":{"start":{"line":29,"column":8},"end":{"line":29,"column":14}},"15":{"start":{"line":32,"column":8},"end":{"line":32,"column":21}},"16":{"start":{"line":33,"column":8},"end":{"line":33,"column":14}},"17":{"start":{"line":36,"column":8},"end":{"line":36,"column":21}},"18":{"start":{"line":37,"column":8},"end":{"line":37,"column":14}},"19":{"start":{"line":40,"column":8},"end":{"line":40,"column":21}},"20":{"start":{"line":41,"column":8},"end":{"line":41,"column":14}},"21":{"start":{"line":44,"column":8},"end":{"line":44,"column":21}},"22":{"start":{"line":49,"column":2},"end":{"line":49,"column":28}},"23":{"start":{"line":49,"column":15},"end":{"line":49,"column":28}},"24":{"start":{"line":51,"column":2},"end":{"line":55,"column":5}}},"fnMap":{"0":{"name":"errorHandler","decl":{"start":{"line":1,"column":9},"end":{"line":1,"column":21}},"loc":{"start":{"line":1,"column":45},"end":{"line":56,"column":1}},"line":1}},"branchMap":{"0":{"loc":{"start":{"line":2,"column":2},"end":{"line":2,"column":42}},"type":"if","locations":[{"start":{"line":2,"column":2},"end":{"line":2,"column":42}},{"start":{},"end":{}}],"line":2},"1":{"loc":{"start":{"line":5,"column":15},"end":{"line":7,"column":10}},"type":"cond-expr","locations":[{"start":{"line":6,"column":6},"end":{"line":6,"column":38}},{"start":{"line":7,"column":6},"end":{"line":7,"column":10}}],"line":5},"2":{"loc":{"start":{"line":5,"column":32},"end":{"line":5,"column":64}},"type":"binary-expr","locations":[{"start":{"line":5,"column":32},"end":{"line":5,"column":44}},{"start":{"line":5,"column":48},"end":{"line":5,"column":64}}],"line":5},"3":{"loc":{"start":{"line":6,"column":6},"end":{"line":6,"column":38}},"type":"binary-expr","locations":[{"start":{"line":6,"column":6},"end":{"line":6,"column":18}},{"start":{"line":6,"column":22},"end":{"line":6,"column":38}}],"line":6},"4":{"loc":{"start":{"line":10,"column":2},"end":{"line":46,"column":3}},"type":"if","locations":[{"start":{"line":10,"column":2},"end":{"line":46,"column":3}},{"start":{},"end":{}}],"line":10},"5":{"loc":{"start":{"line":10,"column":6},"end":{"line":10,"column":47}},"type":"binary-expr","locations":[{"start":{"line":10,"column":6},"end":{"line":10,"column":13}},{"start":{"line":10,"column":17},"end":{"line":10,"column":47}}],"line":10},"6":{"loc":{"start":{"line":11,"column":4},"end":{"line":45,"column":5}},"type":"switch","locations":[{"start":{"line":12,"column":6},"end":{"line":18,"column":14}},{"start":{"line":20,"column":6},"end":{"line":22,"column":14}},{"start":{"line":24,"column":6},"end":{"line":29,"column":14}},{"start":{"line":31,"column":6},"end":{"line":33,"column":14}},{"start":{"line":35,"column":6},"end":{"line":37,"column":14}},{"start":{"line":39,"column":6},"end":{"line":41,"column":14}},{"start":{"line":43,"column":6},"end":{"line":44,"column":21}}],"line":11},"7":{"loc":{"start":{"line":15,"column":8},"end":{"line":17,"column":9}},"type":"if","locations":[{"start":{"line":15,"column":8},"end":{"line":17,"column":9}},{"start":{},"end":{}}],"line":15},"8":{"loc":{"start":{"line":15,"column":12},"end":{"line":15,"column":77}},"type":"binary-expr","locations":[{"start":{"line":15,"column":12},"end":{"line":15,"column":25}},{"start":{"line":15,"column":29},"end":{"line":15,"column":77}}],"line":15},"9":{"loc":{"start":{"line":26,"column":8},"end":{"line":28,"column":9}},"type":"if","locations":[{"start":{"line":26,"column":8},"end":{"line":28,"column":9}},{"start":{},"end":{}}],"line":26},"10":{"loc":{"start":{"line":26,"column":12},"end":{"line":26,"column":61}},"type":"binary-expr","locations":[{"start":{"line":26,"column":12},"end":{"line":26,"column":25}},{"start":{"line":26,"column":29},"end":{"line":26,"column":61}}],"line":26},"11":{"loc":{"start":{"line":49,"column":2},"end":{"line":49,"column":28}},"type":"if","locations":[{"start":{"line":49,"column":2},"end":{"line":49,"column":28}},{"start":{},"end":{}}],"line":49},"12":{"loc":{"start":{"line":52,"column":13},"end":{"line":52,"column":66}},"type":"binary-expr","locations":[{"start":{"line":52,"column":13},"end":{"line":52,"column":26}},{"start":{"line":52,"column":30},"end":{"line":52,"column":66}}],"line":52},"13":{"loc":{"start":{"line":53,"column":13},"end":{"line":53,"column":34}},"type":"binary-expr","locations":[{"start":{"line":53,"column":13},"end":{"line":53,"column":26}},{"start":{"line":53,"column":30},"end":{"line":53,"column":34}}],"line":53},"14":{"loc":{"start":{"line":54,"column":10},"end":{"line":54,"column":28}},"type":"binary-expr","locations":[{"start":{"line":54,"column":10},"end":{"line":54,"column":20}},{"start":{"line":54,"column":24},"end":{"line":54,"column":28}}],"line":54}},"s":{"0":2,"1":0,"2":2,"3":2,"4":2,"5":1,"6":1,"7":1,"8":1,"9":0,"10":0,"11":0,"12":0,"13":0,"14":0,"15":0,"16":0,"17":0,"18":0,"19":0,"20":0,"21":1,"22":2,"23":0,"24":2},"f":{"0":2},"b":{"0":[0,2],"1":[0,2],"2":[2,2],"3":[0,0],"4":[2,0],"5":[2,2],"6":[1,0,0,0,0,0,1],"7":[1,0],"8":[1,1],"9":[0,0],"10":[0,0],"11":[0,2],"12":[2,0],"13":[2,2],"14":[2,0]},"meta":{"lastBranch":15,"lastFunction":1,"lastStatement":25,"seen":{"f:1:9:1:21":0,"b:2:2:2:42:undefined:undefined:undefined:undefined":0,"s:2:2:2:42":0,"s:2:23:2:42":1,"s:5:15:7:10":2,"b:6:6:6:38:7:6:7:10":1,"b:5:32:5:44:5:48:5:64":2,"b:6:6:6:18:6:22:6:38":3,"b:10:2:46:3:undefined:undefined:undefined:undefined":4,"s:10:2:46:3":3,"b:10:6:10:13:10:17:10:47":5,"b:12:6:18:14:20:6:22:14:24:6:29:14:31:6:33:14:35:6:37:14:39:6:41:14:43:6:44:21":6,"s:11:4:45:5":4,"s:13:8:13:21":5,"b:15:8:17:9:undefined:undefined:undefined:undefined":7,"s:15:8:17:9":6,"b:15:12:15:25:15:29:15:77":8,"s:16:10:16:53":7,"s:18:8:18:14":8,"s:21:8:21:21":9,"s:22:8:22:14":10,"s:25:8:25:21":11,"b:26:8:28:9:undefined:undefined:undefined:undefined":9,"s:26:8:28:9":12,"b:26:12:26:25:26:29:26:61":10,"s:27:10:27:92":13,"s:29:8:29:14":14,"s:32:8:32:21":15,"s:33:8:33:14":16,"s:36:8:36:21":17,"s:37:8:37:14":18,"s:40:8:40:21":19,"s:41:8:41:14":20,"s:44:8:44:21":21,"b:49:2:49:28:undefined:undefined:undefined:undefined":11,"s:49:2:49:28":22,"s:49:15:49:28":23,"s:51:2:55:5":24,"b:52:13:52:26:52:30:52:66":12,"b:53:13:53:26:53:30:53:34":13,"b:54:10:54:20:54:24:54:28":14}}}
,"C:\\Users\\charl\\FixioTech\\backend\\routes\\routeHoraire.js": {"path":"C:\\Users\\charl\\FixioTech\\backend\\routes\\routeHoraire.js","statementMap":{"0":{"start":{"line":17,"column":22},"end":{"line":17,"column":38}},"1":{"start":{"line":19,"column":0},"end":{"line":19,"column":36}},"2":{"start":{"line":20,"column":0},"end":{"line":20,"column":42}},"3":{"start":{"line":21,"column":0},"end":{"line":21,"column":64}},"4":{"start":{"line":22,"column":0},"end":{"line":22,"column":58}},"5":{"start":{"line":23,"column":0},"end":{"line":23,"column":66}},"6":{"start":{"line":24,"column":0},"end":{"line":24,"column":44}}},"fnMap":{},"branchMap":{},"s":{"0":3,"1":3,"2":3,"3":3,"4":3,"5":3,"6":3},"f":{},"b":{},"meta":{"lastBranch":0,"lastFunction":0,"lastStatement":7,"seen":{"s:17:22:17:38":0,"s:19:0:19:36":1,"s:20:0:20:42":2,"s:21:0:21:64":3,"s:22:0:22:58":4,"s:23:0:23:66":5,"s:24:0:24:44":6}}}
,"C:\\Users\\charl\\FixioTech\\backend\\routes\\routeRendezVous.js": {"path":"C:\\Users\\charl\\FixioTech\\backend\\routes\\routeRendezVous.js","statementMap":{"0":{"start":{"line":18,"column":25},"end":{"line":18,"column":41}},"1":{"start":{"line":20,"column":0},"end":{"line":20,"column":67}},"2":{"start":{"line":21,"column":0},"end":{"line":21,"column":71}},"3":{"start":{"line":22,"column":0},"end":{"line":22,"column":68}},"4":{"start":{"line":23,"column":0},"end":{"line":23,"column":41}},"5":{"start":{"line":24,"column":0},"end":{"line":24,"column":48}},"6":{"start":{"line":25,"column":0},"end":{"line":25,"column":75}},"7":{"start":{"line":26,"column":0},"end":{"line":26,"column":50}}},"fnMap":{},"branchMap":{},"s":{"0":3,"1":3,"2":3,"3":3,"4":3,"5":3,"6":3,"7":3},"f":{},"b":{},"meta":{"lastBranch":0,"lastFunction":0,"lastStatement":8,"seen":{"s:18:25:18:41":0,"s:20:0:20:67":1,"s:21:0:21:71":2,"s:22:0:22:68":3,"s:23:0:23:41":4,"s:24:0:24:48":5,"s:25:0:25:75":6,"s:26:0:26:50":7}}}
,"C:\\Users\\charl\\FixioTech\\backend\\routes\\routeUtilisateur.js": {"path":"C:\\Users\\charl\\FixioTech\\backend\\routes\\routeUtilisateur.js","statementMap":{"0":{"start":{"line":18,"column":26},"end":{"line":18,"column":42}},"1":{"start":{"line":20,"column":0},"end":{"line":20,"column":44}},"2":{"start":{"line":21,"column":0},"end":{"line":21,"column":62}},"3":{"start":{"line":22,"column":0},"end":{"line":22,"column":50}},"4":{"start":{"line":23,"column":0},"end":{"line":23,"column":70}},"5":{"start":{"line":24,"column":0},"end":{"line":24,"column":78}},"6":{"start":{"line":25,"column":0},"end":{"line":25,"column":52}},"7":{"start":{"line":26,"column":0},"end":{"line":26,"column":51}}},"fnMap":{},"branchMap":{},"s":{"0":3,"1":3,"2":3,"3":3,"4":3,"5":3,"6":3,"7":3},"f":{},"b":{},"meta":{"lastBranch":0,"lastFunction":0,"lastStatement":8,"seen":{"s:18:26:18:42":0,"s:20:0:20:44":1,"s:21:0:21:62":2,"s:22:0:22:50":3,"s:23:0:23:70":4,"s:24:0:24:78":5,"s:25:0:25:52":6,"s:26:0:26:51":7}}}
,"C:\\Users\\charl\\FixioTech\\backend\\validateurs\\validateurHoraire.js": {"path":"C:\\Users\\charl\\FixioTech\\backend\\validateurs\\validateurHoraire.js","statementMap":{"0":{"start":{"line":3,"column":29},"end":{"line":5,"column":1}},"1":{"start":{"line":7,"column":32},"end":{"line":9,"column":1}}},"fnMap":{},"branchMap":{},"s":{"0":3,"1":3},"f":{},"b":{},"meta":{"lastBranch":0,"lastFunction":0,"lastStatement":2,"seen":{"s:3:29:5:1":0,"s:7:32:9:1":1}}}
,"C:\\Users\\charl\\FixioTech\\backend\\validateurs\\validateurRendezVous.js": {"path":"C:\\Users\\charl\\FixioTech\\backend\\validateurs\\validateurRendezVous.js","statementMap":{"0":{"start":{"line":3,"column":15},"end":{"line":3,"column":56}},"1":{"start":{"line":5,"column":32},"end":{"line":19,"column":1}},"2":{"start":{"line":21,"column":35},"end":{"line":39,"column":1}}},"fnMap":{},"branchMap":{},"s":{"0":3,"1":3,"2":3},"f":{},"b":{},"meta":{"lastBranch":0,"lastFunction":0,"lastStatement":3,"seen":{"s:3:15:3:56":0,"s:5:32:19:1":1,"s:21:35:39:1":2}}}
,"C:\\Users\\charl\\FixioTech\\backend\\validateurs\\validateurUtilisateur.js": {"path":"C:\\Users\\charl\\FixioTech\\backend\\validateurs\\validateurUtilisateur.js","statementMap":{"0":{"start":{"line":3,"column":33},"end":{"line":25,"column":1}},"1":{"start":{"line":27,"column":36},"end":{"line":46,"column":1}}},"fnMap":{},"branchMap":{},"s":{"0":3,"1":3},"f":{},"b":{},"meta":{"lastBranch":0,"lastFunction":0,"lastStatement":2,"seen":{"s:3:33:25:1":0,"s:27:36:46:1":1}}}
}
